
Circuit 1 cell sky130_fd_pr__nfet_01v8 and Circuit 2 cell sky130_fd_pr__nfet_01v8 are black boxes.
Warning: Equate pins:  cell sky130_fd_pr__nfet_01v8 is a placeholder, treated as a black box.
Warning: Equate pins:  cell sky130_fd_pr__nfet_01v8 is a placeholder, treated as a black box.

Subcircuit pins:
Circuit 1: sky130_fd_pr__nfet_01v8         |Circuit 2: sky130_fd_pr__nfet_01v8         
-------------------------------------------|-------------------------------------------
1                                          |1                                          
2                                          |2                                          
3                                          |3                                          
4                                          |4                                          
---------------------------------------------------------------------------------------
Cell pin lists are equivalent.
Device classes sky130_fd_pr__nfet_01v8 and sky130_fd_pr__nfet_01v8 are equivalent.
Flattening unmatched subcell sky130_fd_pr__nfet_01v8_C77M8X in circuit nmos89 (0)(1 instance)
Flattening unmatched subcell sky130_fd_pr__nfet_01v8_UPT43B in circuit nmos89 (0)(4 instances)

Class nmos89 (0):  Merged 9 parallel devices.
Class nmos89 (1):  Merged 1 parallel devices.
Subcircuit summary:
Circuit 1: nmos89                          |Circuit 2: nmos89                          
-------------------------------------------|-------------------------------------------
sky130_fd_pr__nfet_01v8 (12->3)            |sky130_fd_pr__nfet_01v8 (12->3)            
Number of devices: 3                       |Number of devices: 3                       
Number of nets: 3                          |Number of nets: 3                          
---------------------------------------------------------------------------------------
Netlists match uniquely.

Subcircuit pins:
Circuit 1: nmos89                          |Circuit 2: nmos89                          
-------------------------------------------|-------------------------------------------
GND                                        |GND                                        
D8                                         |D8                                         
D9                                         |D9                                         
---------------------------------------------------------------------------------------
Cell pin lists are equivalent.
Device classes nmos89 and nmos89 are equivalent.

Final result: Circuits match uniquely.
.
