
Circuit 1 cell sky130_fd_pr__pfet_01v8 and Circuit 2 cell sky130_fd_pr__pfet_01v8 are black boxes.
Warning: Equate pins:  cell sky130_fd_pr__pfet_01v8 is a placeholder, treated as a black box.
Warning: Equate pins:  cell sky130_fd_pr__pfet_01v8 is a placeholder, treated as a black box.

Subcircuit pins:
Circuit 1: sky130_fd_pr__pfet_01v8         |Circuit 2: sky130_fd_pr__pfet_01v8         
-------------------------------------------|-------------------------------------------
1                                          |1                                          
2                                          |2                                          
3                                          |3                                          
4                                          |4                                          
---------------------------------------------------------------------------------------
Cell pin lists are equivalent.
Device classes sky130_fd_pr__pfet_01v8 and sky130_fd_pr__pfet_01v8 are equivalent.

Circuit 1 cell sky130_fd_pr__nfet_01v8 and Circuit 2 cell sky130_fd_pr__nfet_01v8 are black boxes.
Warning: Equate pins:  cell sky130_fd_pr__nfet_01v8 is a placeholder, treated as a black box.
Warning: Equate pins:  cell sky130_fd_pr__nfet_01v8 is a placeholder, treated as a black box.

Subcircuit pins:
Circuit 1: sky130_fd_pr__nfet_01v8         |Circuit 2: sky130_fd_pr__nfet_01v8         
-------------------------------------------|-------------------------------------------
1                                          |1                                          
2                                          |2                                          
3                                          |3                                          
4                                          |4                                          
---------------------------------------------------------------------------------------
Cell pin lists are equivalent.
Device classes sky130_fd_pr__nfet_01v8 and sky130_fd_pr__nfet_01v8 are equivalent.
Flattening unmatched subcell sky130_fd_pr__pfet_01v8_2ZH9AN in circuit pmoscs (0)(8 instances)
Flattening unmatched subcell sky130_fd_pr__pfet_01v8_SDE6B7 in circuit pmoscs (0)(4 instances)

Class pmoscs (0):  Merged 9 parallel devices.
Class pmoscs (1):  Merged 1 parallel devices.
Subcircuit summary:
Circuit 1: pmoscs                          |Circuit 2: pmoscs                          
-------------------------------------------|-------------------------------------------
sky130_fd_pr__pfet_01v8 (16->7)            |sky130_fd_pr__pfet_01v8 (16->7)            
Number of devices: 7                       |Number of devices: 7                       
Number of nets: 4                          |Number of nets: 4                          
---------------------------------------------------------------------------------------
Resolving symmetries by property value.
Resolving symmetries by pin name.
Netlists match uniquely.

Subcircuit pins:
Circuit 1: pmoscs                          |Circuit 2: pmoscs                          
-------------------------------------------|-------------------------------------------
D2                                         |D2                                         
D1                                         |D1                                         
D5                                         |D5                                         
VDD                                        |VDD                                        
---------------------------------------------------------------------------------------
Cell pin lists are equivalent.
Device classes pmoscs and pmoscs are equivalent.
Flattening unmatched subcell sky130_fd_pr__pfet_01v8_BH5GQ5 in circuit pmos67 (0)(2 instances)
Flattening unmatched subcell sky130_fd_pr__pfet_01v8_2XUZHN in circuit pmos67 (0)(4 instances)

Class pmos67 (0):  Merged 8 parallel devices.
Subcircuit summary:
Circuit 1: pmos67                          |Circuit 2: pmos67                          
-------------------------------------------|-------------------------------------------
sky130_fd_pr__pfet_01v8 (12->4)            |sky130_fd_pr__pfet_01v8 (12->4)            
Number of devices: 4                       |Number of devices: 4                       
Number of nets: 6                          |Number of nets: 6                          
---------------------------------------------------------------------------------------
Resolving symmetries by property value.
Resolving symmetries by pin name.
Netlists match uniquely.

Subcircuit pins:
Circuit 1: pmos67                          |Circuit 2: pmos67                          
-------------------------------------------|-------------------------------------------
VDD                                        |VDD                                        
D7                                         |D7                                         
D6                                         |D6                                         
VIP                                        |VIP                                        
VIN                                        |VIN                                        
S                                          |S                                          
---------------------------------------------------------------------------------------
Cell pin lists are equivalent.
Device classes pmos67 and pmos67 are equivalent.
Flattening unmatched subcell sky130_fd_pr__nfet_01v8_C77M8X in circuit nmos89 (0)(1 instance)
Flattening unmatched subcell sky130_fd_pr__nfet_01v8_UPT43B in circuit nmos89 (0)(4 instances)

Class nmos89 (0):  Merged 9 parallel devices.
Class nmos89 (1):  Merged 1 parallel devices.
Subcircuit summary:
Circuit 1: nmos89                          |Circuit 2: nmos89                          
-------------------------------------------|-------------------------------------------
sky130_fd_pr__nfet_01v8 (12->3)            |sky130_fd_pr__nfet_01v8 (12->3)            
Number of devices: 3                       |Number of devices: 3                       
Number of nets: 3                          |Number of nets: 3                          
---------------------------------------------------------------------------------------
Netlists match uniquely.

Subcircuit pins:
Circuit 1: nmos89                          |Circuit 2: nmos89                          
-------------------------------------------|-------------------------------------------
GND                                        |GND                                        
D8                                         |D8                                         
D9                                         |D9                                         
---------------------------------------------------------------------------------------
Cell pin lists are equivalent.
Device classes nmos89 and nmos89 are equivalent.
Flattening unmatched subcell sky130_fd_pr__nfet_01v8_6C7GGL in circuit nmos34 (0)(4 instances)
Flattening unmatched subcell sky130_fd_pr__nfet_01v8_T4466P in circuit nmos34 (0)(1 instance)

Class nmos34 (0):  Merged 4 parallel devices.
Subcircuit summary:
Circuit 1: nmos34                          |Circuit 2: nmos34                          
-------------------------------------------|-------------------------------------------
sky130_fd_pr__nfet_01v8 (8->4)             |sky130_fd_pr__nfet_01v8 (8->4)             
Number of devices: 4                       |Number of devices: 4                       
Number of nets: 4                          |Number of nets: 4                          
---------------------------------------------------------------------------------------
Netlists match uniquely with property errors.
sky130_fd_pr__nfet_01v8_6C7GGL_2/sky130_fd_pr__nfet_01v8:0 vs. sky130_fd_pr__nfet_01v8:M2:
 l circuit1: 0.15   circuit2: 1   (delta=148%, cutoff=1%)

Subcircuit pins:
Circuit 1: nmos34                          |Circuit 2: nmos34                          
-------------------------------------------|-------------------------------------------
RS                                         |RS                                         
D4                                         |D4                                         
GND                                        |GND                                        
D3                                         |D3                                         
---------------------------------------------------------------------------------------
Cell pin lists are equivalent.
Device classes nmos34 and nmos34 are equivalent.

Subcircuit summary:
Circuit 1: opamp                           |Circuit 2: opamp                           
-------------------------------------------|-------------------------------------------
pmoscs (1)                                 |pmoscs (1)                                 
pmos67 (1)                                 |pmos67 (1)                                 
nmos89 (1)                                 |nmos89 (1)                                 
nmos34 (1)                                 |nmos34 (1)                                 
Number of devices: 4                       |Number of devices: 4                       
Number of nets: 10                         |Number of nets: 10                         
---------------------------------------------------------------------------------------
Netlists match uniquely.

Subcircuit pins:
Circuit 1: opamp                           |Circuit 2: opamp                           
-------------------------------------------|-------------------------------------------
VIN                                        |VIN                                        
VIP                                        |VIP                                        
RS                                         |RS                                         
VDD                                        |VDD                                        
OUT                                        |OUT                                        
GND                                        |GND                                        
---------------------------------------------------------------------------------------
Cell pin lists are equivalent.
Device classes opamp and opamp are equivalent.

Final result: Circuits match uniquely.
.

The following cells had property errors:
 nmos34
